Using pre-set license
Built from '2022.3/staging' branch; Version is '2022.3.33f1 (b2c853adf198) revision 11716691'; Using compiler version '192829333'; Build Type 'Release'
OS: 'Windows 11  (10.0.22631) 64bit Education' Language: 'en' Physical Memory: 32477 MB
BatchMode: 1, IsHumanControllingUs: 0, StartBugReporterOnCrash: 0, Is64bit: 1, IsPro: 1

COMMAND LINE ARGUMENTS:
C:\Program Files\Unity\Hub\Editor\2022.3.33f1\Editor\Unity.exe
-adb2
-batchMode
-noUpm
-name
AssetImportWorker6
-projectPath
E:/Year 3/bubbles game jam/GameJam-Bubbles/Bubbles
-logFile
Logs/AssetImportWorker6.log
-srvPort
53429
Successfully changed project path to: E:/Year 3/bubbles game jam/GameJam-Bubbles/Bubbles
E:/Year 3/bubbles game jam/GameJam-Bubbles/Bubbles
[UnityMemory] Configuration Parameters - Can be set up in boot.config
    "memorysetup-bucket-allocator-granularity=16"
    "memorysetup-bucket-allocator-bucket-count=8"
    "memorysetup-bucket-allocator-block-size=33554432"
    "memorysetup-bucket-allocator-block-count=8"
    "memorysetup-main-allocator-block-size=16777216"
    "memorysetup-thread-allocator-block-size=16777216"
    "memorysetup-gfx-main-allocator-block-size=16777216"
    "memorysetup-gfx-thread-allocator-block-size=16777216"
    "memorysetup-cache-allocator-block-size=4194304"
    "memorysetup-typetree-allocator-block-size=2097152"
    "memorysetup-profiler-bucket-allocator-granularity=16"
    "memorysetup-profiler-bucket-allocator-bucket-count=8"
    "memorysetup-profiler-bucket-allocator-block-size=33554432"
    "memorysetup-profiler-bucket-allocator-block-count=8"
    "memorysetup-profiler-allocator-block-size=16777216"
    "memorysetup-profiler-editor-allocator-block-size=1048576"
    "memorysetup-temp-allocator-size-main=16777216"
    "memorysetup-job-temp-allocator-block-size=2097152"
    "memorysetup-job-temp-allocator-block-size-background=1048576"
    "memorysetup-job-temp-allocator-reduction-small-platforms=262144"
    "memorysetup-allocator-temp-initial-block-size-main=262144"
    "memorysetup-allocator-temp-initial-block-size-worker=262144"
    "memorysetup-temp-allocator-size-background-worker=32768"
    "memorysetup-temp-allocator-size-job-worker=262144"
    "memorysetup-temp-allocator-size-preload-manager=33554432"
    "memorysetup-temp-allocator-size-nav-mesh-worker=65536"
    "memorysetup-temp-allocator-size-audio-worker=65536"
    "memorysetup-temp-allocator-size-cloud-worker=32768"
    "memorysetup-temp-allocator-size-gi-baking-worker=262144"
    "memorysetup-temp-allocator-size-gfx=262144"
Player connection [17196] Host "[IP] 10.4.4.220 [Port] 0 [Flags] 2 [Guid] 960277672 [EditorId] 960277672 [Version] 1048832 [Id] WindowsEditor(7,UL04PCJL16-11) [Debug] 1 [PackageName] WindowsEditor [ProjectName] Editor" joined multi-casting on [225.0.0.222:54997]...

Player connection [17196] Host "[IP] 10.4.4.220 [Port] 0 [Flags] 2 [Guid] 960277672 [EditorId] 960277672 [Version] 1048832 [Id] WindowsEditor(7,UL04PCJL16-11) [Debug] 1 [PackageName] WindowsEditor [ProjectName] Editor" joined alternative multi-casting on [225.0.0.222:34997]...

[PhysX] Initialized MultithreadedTaskDispatcher with 20 workers.
Refreshing native plugins compatible for Editor in 53.95 ms, found 4 plugins.
Preloading 0 native plugins for Editor in 0.00 ms.
Initialize engine version: 2022.3.33f1 (b2c853adf198)
[Subsystems] Discovering subsystems at path C:/Program Files/Unity/Hub/Editor/2022.3.33f1/Editor/Data/Resources/UnitySubsystems
[Subsystems] Discovering subsystems at path E:/Year 3/bubbles game jam/GameJam-Bubbles/Bubbles/Assets
GfxDevice: creating device client; threaded=0; jobified=0
Direct3D:
    Version:  Direct3D 11.0 [level 11.1]
    Renderer: NVIDIA GeForce RTX 3080 (ID=0x2216)
    Vendor:   NVIDIA
    VRAM:     10053 MB
    Driver:   32.0.15.6636
Initialize mono
Mono path[0] = 'C:/Program Files/Unity/Hub/Editor/2022.3.33f1/Editor/Data/Managed'
Mono path[1] = 'C:/Program Files/Unity/Hub/Editor/2022.3.33f1/Editor/Data/MonoBleedingEdge/lib/mono/unityjit-win32'
Mono config path = 'C:/Program Files/Unity/Hub/Editor/2022.3.33f1/Editor/Data/MonoBleedingEdge/etc'
Using monoOptions --debugger-agent=transport=dt_socket,embedding=1,server=y,suspend=n,address=127.0.0.1:56920
Begin MonoManager ReloadAssembly
Registering precompiled unity dll's ...
Register platform support module: C:/Program Files/Unity/Hub/Editor/2022.3.33f1/Editor/Data/PlaybackEngines/AndroidPlayer/UnityEditor.Android.Extensions.dll
Register platform support module: C:/Program Files/Unity/Hub/Editor/2022.3.33f1/Editor/Data/PlaybackEngines/iOSSupport/UnityEditor.iOS.Extensions.dll
Register platform support module: C:/Program Files/Unity/Hub/Editor/2022.3.33f1/Editor/Data/PlaybackEngines/WindowsStandaloneSupport/UnityEditor.WindowsStandalone.Extensions.dll
Registered in 0.015733 seconds.
- Loaded All Assemblies, in  0.491 seconds
Native extension for WindowsStandalone target not found
[usbmuxd] Start listen thread
[usbmuxd] Listen thread started
Native extension for iOS target not found
Native extension for Android target not found
Android Extension - Scanning For ADB Devices 639 ms
Mono: successfully reloaded assembly
- Finished resetting the current domain, in  1.041 seconds
Domain Reload Profiling: 1530ms
	BeginReloadAssembly (173ms)
		ExecutionOrderSort (0ms)
		DisableScriptedObjects (0ms)
		BackupInstance (0ms)
		ReleaseScriptingObjects (0ms)
		CreateAndSetChildDomain (1ms)
	RebuildCommonClasses (41ms)
	RebuildNativeTypeToScriptingClass (11ms)
	initialDomainReloadingComplete (71ms)
	LoadAllAssembliesAndSetupDomain (194ms)
		LoadAssemblies (174ms)
		RebuildTransferFunctionScriptingTraits (0ms)
		AnalyzeDomain (188ms)
			TypeCache.Refresh (187ms)
				TypeCache.ScanAssembly (167ms)
			ScanForSourceGeneratedMonoScriptInfo (0ms)
			ResolveRequiredComponents (0ms)
	FinalizeReload (1041ms)
		ReleaseScriptCaches (0ms)
		RebuildScriptCaches (0ms)
		SetupLoadedEditorAssemblies (979ms)
			LogAssemblyErrors (0ms)
			InitializePlatformSupportModulesInManaged (797ms)
			SetLoadedEditorAssemblies (4ms)
			RefreshPlugins (0ms)
			BeforeProcessingInitializeOnLoad (2ms)
			ProcessInitializeOnLoadAttributes (123ms)
			ProcessInitializeOnLoadMethodAttributes (53ms)
			AfterProcessingInitializeOnLoad (0ms)
			EditorAssembliesLoaded (0ms)
		ExecutionOrderSort2 (0ms)
		AwakeInstancesAfterBackupRestoration (0ms)
========================================================================
Worker process is ready to serve import requests
Begin MonoManager ReloadAssembly
- Loaded All Assemblies, in  1.696 seconds
Refreshing native plugins compatible for Editor in 22.77 ms, found 4 plugins.
Native extension for WindowsStandalone target not found
Native extension for iOS target not found
Native extension for Android target not found
Mono: successfully reloaded assembly
- Finished resetting the current domain, in  0.779 seconds
Domain Reload Profiling: 2417ms
	BeginReloadAssembly (210ms)
		ExecutionOrderSort (0ms)
		DisableScriptedObjects (6ms)
		BackupInstance (0ms)
		ReleaseScriptingObjects (0ms)
		CreateAndSetChildDomain (29ms)
	RebuildCommonClasses (40ms)
	RebuildNativeTypeToScriptingClass (11ms)
	initialDomainReloadingComplete (89ms)
	LoadAllAssembliesAndSetupDomain (1287ms)
		LoadAssemblies (1203ms)
		RebuildTransferFunctionScriptingTraits (0ms)
		AnalyzeDomain (225ms)
			TypeCache.Refresh (191ms)
				TypeCache.ScanAssembly (167ms)
			ScanForSourceGeneratedMonoScriptInfo (25ms)
			ResolveRequiredComponents (7ms)
	FinalizeReload (780ms)
		ReleaseScriptCaches (0ms)
		RebuildScriptCaches (0ms)
		SetupLoadedEditorAssemblies (586ms)
			LogAssemblyErrors (0ms)
			InitializePlatformSupportModulesInManaged (43ms)
			SetLoadedEditorAssemblies (4ms)
			RefreshPlugins (0ms)
			BeforeProcessingInitializeOnLoad (73ms)
			ProcessInitializeOnLoadAttributes (421ms)
			ProcessInitializeOnLoadMethodAttributes (39ms)
			AfterProcessingInitializeOnLoad (7ms)
			EditorAssembliesLoaded (0ms)
		ExecutionOrderSort2 (0ms)
		AwakeInstancesAfterBackupRestoration (9ms)
Launched and connected shader compiler UnityShaderCompiler.exe after 0.10 seconds
Refreshing native plugins compatible for Editor in 20.22 ms, found 4 plugins.
Preloading 0 native plugins for Editor in 0.00 ms.
Unloading 4237 Unused Serialized files (Serialized files now loaded: 0)
Unloading 79 unused Assets / (136.6 KB). Loaded Objects now: 4700.
Memory consumption went from 155.5 MB to 155.4 MB.
Total: 4.906000 ms (FindLiveObjects: 0.448200 ms CreateObjectMapping: 0.381100 ms MarkObjects: 3.887000 ms  DeleteObjects: 0.188400 ms)

AssetImportParameters requested are different than current active one (requested -> active):
  custom:container-demuxer-ogg: 62fdf1f143b41e24485cea50d1cbac27 -> 
  custom:video-decoder-ogg-theora: a1e56fd34408186e4bbccfd4996cb3dc -> 
  custom:framework-win-MediaFoundation: 216162199b28c13a410421893ffa2e32 -> 
  custom:CustomObjectIndexerAttribute: 9a22284fe3817be447336de3de66b15e -> 
  custom:container-demuxer-webm: 4f35f7cbe854078d1ac9338744f61a02 -> 
  custom:container-muxer-webm: aa71ff27fc2769a1b78a27578f13a17b -> 
  custom:video-decoder-webm-vp8: 9c59270c3fd7afecdb556c50c9e8de78 -> 
  custom:SearchIndexIgnoredProperties: e643bd26f0fe6173181afceb89e7c659 -> 
  custom:AudioImporter_EditorPlatform: d09bf68614088b80899f8185d706f6e7 -> 
  custom:video-encoder-webm-vp8: eb34c28f22e8b96e1ab97ce403110664 -> 
  custom:audio-decoder-ogg-vorbis: bf7c407c2cedff20999df2af8eb42d56 -> 
  custom:audio-encoder-webm-vorbis: bf7c407c2cedff20999df2af8eb42d56 -> 
========================================================================
Received Import Request.
  Time since last request: 433863.322598 seconds.
  path: Assets/Art work/Tilesets/Rock tilemap full.png
  artifactKey: Guid(15e69818ba7109e4099986733fdd8a9a) Importer(815301076,1909f56bfc062723c751e8b465ee728b)
Start importing Assets/Art work/Tilesets/Rock tilemap full.png using Guid(15e69818ba7109e4099986733fdd8a9a) Importer(815301076,1909f56bfc062723c751e8b465ee728b) [PhysX] Initialized MultithreadedTaskDispatcher with 20 workers.
[PhysX] Initialized MultithreadedTaskDispatcher with 20 workers.
 -> (artifact id: '87fe525b083edfafbac5f023f76429a0') in 0.170926 seconds
Number of updated asset objects reloaded before import = 0
Number of asset objects unloaded after import = 3
========================================================================
Received Import Request.
  Time since last request: 146.795990 seconds.
  path: Assets/TextMesh Pro/middle.asset
  artifactKey: Guid(80d8eeb384835804f9dcbf0f0612b655) Importer(815301076,1909f56bfc062723c751e8b465ee728b)
Start importing Assets/TextMesh Pro/middle.asset using Guid(80d8eeb384835804f9dcbf0f0612b655) Importer(815301076,1909f56bfc062723c751e8b465ee728b) [PhysX] Initialized MultithreadedTaskDispatcher with 20 workers.
 -> (artifact id: 'acb00fe4e26587dd2b309474a2a02c03') in 0.065990 seconds
Number of updated asset objects reloaded before import = 0
Number of asset objects unloaded after import = 3
========================================================================
Received Import Request.
  Time since last request: 241.871537 seconds.
  path: Assets/Art work/Tilesets/rock tiles.prefab
  artifactKey: Guid(6a3b991c98bd3144294e034e24e2395e) Importer(815301076,1909f56bfc062723c751e8b465ee728b)
Start importing Assets/Art work/Tilesets/rock tiles.prefab using Guid(6a3b991c98bd3144294e034e24e2395e) Importer(815301076,1909f56bfc062723c751e8b465ee728b) [PhysX] Initialized MultithreadedTaskDispatcher with 20 workers.
[PhysX] Initialized MultithreadedTaskDispatcher with 20 workers.
 -> (artifact id: 'de1b5f28c76c0caceaf11d083f5fb509') in 0.065929 seconds
Number of updated asset objects reloaded before import = 0
Number of asset objects unloaded after import = 9
========================================================================
Received Import Request.
  Time since last request: 19.059781 seconds.
  path: Assets/rock tiles.prefab
  artifactKey: Guid(6a3b991c98bd3144294e034e24e2395e) Importer(815301076,1909f56bfc062723c751e8b465ee728b)
Start importing Assets/rock tiles.prefab using Guid(6a3b991c98bd3144294e034e24e2395e) Importer(815301076,1909f56bfc062723c751e8b465ee728b) [PhysX] Initialized MultithreadedTaskDispatcher with 20 workers.
[PhysX] Initialized MultithreadedTaskDispatcher with 20 workers.
 -> (artifact id: 'eaba61eeb6798221cd6276c1bfce0352') in 0.054551 seconds
Number of updated asset objects reloaded before import = 0
Number of asset objects unloaded after import = 10
========================================================================
Received Import Request.
  Time since last request: 27.300897 seconds.
  path: Assets/rock tiles.prefab
  artifactKey: Guid(6a3b991c98bd3144294e034e24e2395e) Importer(815301076,1909f56bfc062723c751e8b465ee728b)
Start importing Assets/rock tiles.prefab using Guid(6a3b991c98bd3144294e034e24e2395e) Importer(815301076,1909f56bfc062723c751e8b465ee728b) [PhysX] Initialized MultithreadedTaskDispatcher with 20 workers.
[PhysX] Initialized MultithreadedTaskDispatcher with 20 workers.
 -> (artifact id: 'faadaed1cf84b1c65d47f01ac9ac0468') in 0.062081 seconds
Number of updated asset objects reloaded before import = 0
Number of asset objects unloaded after import = 13
========================================================================
Received Import Request.
  Time since last request: 207.984198 seconds.
  path: Assets/Art work/Tilesets/Rock tilemap full.png
  artifactKey: Guid(15e69818ba7109e4099986733fdd8a9a) Importer(815301076,1909f56bfc062723c751e8b465ee728b)
Start importing Assets/Art work/Tilesets/Rock tilemap full.png using Guid(15e69818ba7109e4099986733fdd8a9a) Importer(815301076,1909f56bfc062723c751e8b465ee728b) [PhysX] Initialized MultithreadedTaskDispatcher with 20 workers.
[PhysX] Initialized MultithreadedTaskDispatcher with 20 workers.
 -> (artifact id: 'e1e4aadd321c26cb6a1ae3700920f0cf') in 0.110386 seconds
Number of updated asset objects reloaded before import = 0
Number of asset objects unloaded after import = 3
========================================================================
Received Import Request.
  Time since last request: 5.215618 seconds.
  path: Assets/rock tiles.prefab
  artifactKey: Guid(6a3b991c98bd3144294e034e24e2395e) Importer(815301076,1909f56bfc062723c751e8b465ee728b)
Start importing Assets/rock tiles.prefab using Guid(6a3b991c98bd3144294e034e24e2395e) Importer(815301076,1909f56bfc062723c751e8b465ee728b) [PhysX] Initialized MultithreadedTaskDispatcher with 20 workers.
[PhysX] Initialized MultithreadedTaskDispatcher with 20 workers.
 -> (artifact id: 'b80c50a97b5309ecb791cfcff3f09cd2') in 0.103598 seconds
Number of updated asset objects reloaded before import = 0
Number of asset objects unloaded after import = 13
========================================================================
Received Import Request.
  Time since last request: 73.982764 seconds.
  path: Assets/rock tiles.prefab
  artifactKey: Guid(6a3b991c98bd3144294e034e24e2395e) Importer(815301076,1909f56bfc062723c751e8b465ee728b)
Start importing Assets/rock tiles.prefab using Guid(6a3b991c98bd3144294e034e24e2395e) Importer(815301076,1909f56bfc062723c751e8b465ee728b) [PhysX] Initialized MultithreadedTaskDispatcher with 20 workers.
[PhysX] Initialized MultithreadedTaskDispatcher with 20 workers.
 -> (artifact id: 'ba117b67a86a457795b78ed3c860338d') in 0.039081 seconds
Number of updated asset objects reloaded before import = 0
Number of asset objects unloaded after import = 9
========================================================================
Received Import Request.
  Time since last request: 273.609809 seconds.
  path: Packages/com.unity.2d.tilemap/package.json
  artifactKey: Guid(51797d68d3132bb419217a229e09fc47) Importer(815301076,1909f56bfc062723c751e8b465ee728b)
Start importing Packages/com.unity.2d.tilemap/package.json using Guid(51797d68d3132bb419217a229e09fc47) Importer(815301076,1909f56bfc062723c751e8b465ee728b) [PhysX] Initialized MultithreadedTaskDispatcher with 20 workers.
 -> (artifact id: 'c2a440708a656cb09e48b04397500d34') in 0.003794 seconds
Number of updated asset objects reloaded before import = 0
Number of asset objects unloaded after import = 1
========================================================================
Received Import Request.
  Time since last request: 411.688987 seconds.
  path: Assets/Rock tiles 1.prefab
  artifactKey: Guid(b9ab9b8403570194b8731ae673ecbe87) Importer(815301076,1909f56bfc062723c751e8b465ee728b)
Start importing Assets/Rock tiles 1.prefab using Guid(b9ab9b8403570194b8731ae673ecbe87) Importer(815301076,1909f56bfc062723c751e8b465ee728b) [PhysX] Initialized MultithreadedTaskDispatcher with 20 workers.
[PhysX] Initialized MultithreadedTaskDispatcher with 20 workers.
 -> (artifact id: '5112db5072c5ea387932e3cbc6e01b8d') in 0.047282 seconds
Number of updated asset objects reloaded before import = 0
Number of asset objects unloaded after import = 9
========================================================================
Received Import Request.
  Time since last request: 44.083873 seconds.
  path: Assets/Rock tiles.prefab
  artifactKey: Guid(6a3b991c98bd3144294e034e24e2395e) Importer(815301076,1909f56bfc062723c751e8b465ee728b)
Start importing Assets/Rock tiles.prefab using Guid(6a3b991c98bd3144294e034e24e2395e) Importer(815301076,1909f56bfc062723c751e8b465ee728b) [PhysX] Initialized MultithreadedTaskDispatcher with 20 workers.
[PhysX] Initialized MultithreadedTaskDispatcher with 20 workers.
 -> (artifact id: '583ded9265a8fb748d2158e2ae28b9b4') in 0.052258 seconds
Number of updated asset objects reloaded before import = 0
Number of asset objects unloaded after import = 10
========================================================================
Received Import Request.
  Time since last request: 43.909640 seconds.
  path: Assets/Rock tiles.prefab
  artifactKey: Guid(6a3b991c98bd3144294e034e24e2395e) Importer(815301076,1909f56bfc062723c751e8b465ee728b)
Start importing Assets/Rock tiles.prefab using Guid(6a3b991c98bd3144294e034e24e2395e) Importer(815301076,1909f56bfc062723c751e8b465ee728b) [PhysX] Initialized MultithreadedTaskDispatcher with 20 workers.
[PhysX] Initialized MultithreadedTaskDispatcher with 20 workers.
 -> (artifact id: '7081bccf2a11226e728b5c60484f2d31') in 0.083729 seconds
Number of updated asset objects reloaded before import = 0
Number of asset objects unloaded after import = 16
========================================================================
Received Import Request.
  Time since last request: 50.653773 seconds.
  path: Assets/Individual tiles.prefab
  artifactKey: Guid(18eb5d9bc24a45c4eaf374e28f21644e) Importer(815301076,1909f56bfc062723c751e8b465ee728b)
Start importing Assets/Individual tiles.prefab using Guid(18eb5d9bc24a45c4eaf374e28f21644e) Importer(815301076,1909f56bfc062723c751e8b465ee728b) [PhysX] Initialized MultithreadedTaskDispatcher with 20 workers.
[PhysX] Initialized MultithreadedTaskDispatcher with 20 workers.
 -> (artifact id: 'a3a48a090f30fa7a3beb62eb67f5b708') in 0.155981 seconds
Number of updated asset objects reloaded before import = 0
Number of asset objects unloaded after import = 10
========================================================================
Received Import Request.
  Time since last request: 39.272315 seconds.
  path: Assets/Art work/Tilesets/sand middle.png
  artifactKey: Guid(45e823b13d78058459b0bc3330935a23) Importer(815301076,1909f56bfc062723c751e8b465ee728b)
Start importing Assets/Art work/Tilesets/sand middle.png using Guid(45e823b13d78058459b0bc3330935a23) Importer(815301076,1909f56bfc062723c751e8b465ee728b) [PhysX] Initialized MultithreadedTaskDispatcher with 20 workers.
[PhysX] Initialized MultithreadedTaskDispatcher with 20 workers.
 -> (artifact id: '7d67e5efb7a2b85774254e4d59e5cebb') in 0.079012 seconds
Number of updated asset objects reloaded before import = 0
Number of asset objects unloaded after import = 3
========================================================================
Received Import Request.
  Time since last request: 65.629692 seconds.
  path: Assets/Art work/Tilesets/sand edge left.png
  artifactKey: Guid(f5d3578773dd24748bd26bac1e850d3e) Importer(815301076,1909f56bfc062723c751e8b465ee728b)
Start importing Assets/Art work/Tilesets/sand edge left.png using Guid(f5d3578773dd24748bd26bac1e850d3e) Importer(815301076,1909f56bfc062723c751e8b465ee728b) [PhysX] Initialized MultithreadedTaskDispatcher with 20 workers.
[PhysX] Initialized MultithreadedTaskDispatcher with 20 workers.
 -> (artifact id: '13f456f19e6d6267754b78e1935de248') in 0.066555 seconds
Number of updated asset objects reloaded before import = 0
Number of asset objects unloaded after import = 3
========================================================================
Received Import Request.
  Time since last request: 12.702052 seconds.
  path: Assets/Art work/Tilesets/sand edge right.png
  artifactKey: Guid(12ab62f04a9031a4996fb26661429cd8) Importer(815301076,1909f56bfc062723c751e8b465ee728b)
Start importing Assets/Art work/Tilesets/sand edge right.png using Guid(12ab62f04a9031a4996fb26661429cd8) Importer(815301076,1909f56bfc062723c751e8b465ee728b) [PhysX] Initialized MultithreadedTaskDispatcher with 20 workers.
[PhysX] Initialized MultithreadedTaskDispatcher with 20 workers.
 -> (artifact id: '8ec6db7166fb8d4a43b99aa997581d8a') in 0.074141 seconds
Number of updated asset objects reloaded before import = 0
Number of asset objects unloaded after import = 3
========================================================================
Received Import Request.
  Time since last request: 16.239374 seconds.
  path: Assets/Art work/Tilesets/middle.png
  artifactKey: Guid(e589d3f7efbce9e4496fee4d9b64a5eb) Importer(815301076,1909f56bfc062723c751e8b465ee728b)
Start importing Assets/Art work/Tilesets/middle.png using Guid(e589d3f7efbce9e4496fee4d9b64a5eb) Importer(815301076,1909f56bfc062723c751e8b465ee728b) [PhysX] Initialized MultithreadedTaskDispatcher with 20 workers.
[PhysX] Initialized MultithreadedTaskDispatcher with 20 workers.
 -> (artifact id: '53194e2347dd8370865a1f3f3c30bd42') in 0.062062 seconds
Number of updated asset objects reloaded before import = 0
Number of asset objects unloaded after import = 3
========================================================================
Received Import Request.
  Time since last request: 11.485551 seconds.
  path: Assets/Art work/Tilesets/rock middle right.png
  artifactKey: Guid(fb1b39208ca89c5439fef941789195f5) Importer(815301076,1909f56bfc062723c751e8b465ee728b)
Start importing Assets/Art work/Tilesets/rock middle right.png using Guid(fb1b39208ca89c5439fef941789195f5) Importer(815301076,1909f56bfc062723c751e8b465ee728b) [PhysX] Initialized MultithreadedTaskDispatcher with 20 workers.
[PhysX] Initialized MultithreadedTaskDispatcher with 20 workers.
 -> (artifact id: 'e6b79258c24b9e9d348d6a554268dea8') in 0.071633 seconds
Number of updated asset objects reloaded before import = 0
Number of asset objects unloaded after import = 3
========================================================================
Received Import Request.
  Time since last request: 12.485128 seconds.
  path: Assets/Art work/Tilesets/rock middle left.png
  artifactKey: Guid(f579980a43407cc4aab4ad46d65ccd08) Importer(815301076,1909f56bfc062723c751e8b465ee728b)
Start importing Assets/Art work/Tilesets/rock middle left.png using Guid(f579980a43407cc4aab4ad46d65ccd08) Importer(815301076,1909f56bfc062723c751e8b465ee728b) [PhysX] Initialized MultithreadedTaskDispatcher with 20 workers.
[PhysX] Initialized MultithreadedTaskDispatcher with 20 workers.
 -> (artifact id: '6a5de797bada5cedc1430fbe41c20a12') in 0.079508 seconds
Number of updated asset objects reloaded before import = 0
Number of asset objects unloaded after import = 3
========================================================================
Received Import Request.
  Time since last request: 9.642732 seconds.
  path: Assets/Art work/Tilesets/rock bottom right.png
  artifactKey: Guid(bb782e988cc8b1e43987e3c7204b0a02) Importer(815301076,1909f56bfc062723c751e8b465ee728b)
Start importing Assets/Art work/Tilesets/rock bottom right.png using Guid(bb782e988cc8b1e43987e3c7204b0a02) Importer(815301076,1909f56bfc062723c751e8b465ee728b) [PhysX] Initialized MultithreadedTaskDispatcher with 20 workers.
[PhysX] Initialized MultithreadedTaskDispatcher with 20 workers.
 -> (artifact id: '8eb62a1187b5fb7b7ed77ad5cd9837e9') in 0.082253 seconds
Number of updated asset objects reloaded before import = 0
Number of asset objects unloaded after import = 3
========================================================================
Received Import Request.
  Time since last request: 11.120080 seconds.
  path: Assets/Art work/Tilesets/rock bottom middle.png
  artifactKey: Guid(5b4c195cb7cc0a1469e8f1c0c78379d5) Importer(815301076,1909f56bfc062723c751e8b465ee728b)
Start importing Assets/Art work/Tilesets/rock bottom middle.png using Guid(5b4c195cb7cc0a1469e8f1c0c78379d5) Importer(815301076,1909f56bfc062723c751e8b465ee728b) [PhysX] Initialized MultithreadedTaskDispatcher with 20 workers.
[PhysX] Initialized MultithreadedTaskDispatcher with 20 workers.
 -> (artifact id: '2bafa1e3b6db074ad51a4f10d0cde59c') in 0.073890 seconds
Number of updated asset objects reloaded before import = 0
Number of asset objects unloaded after import = 3
========================================================================
Received Import Request.
  Time since last request: 15.220988 seconds.
  path: Assets/Art work/Tilesets/rock bottom left.png
  artifactKey: Guid(772a4467e06f0e745a50264810900203) Importer(815301076,1909f56bfc062723c751e8b465ee728b)
Start importing Assets/Art work/Tilesets/rock bottom left.png using Guid(772a4467e06f0e745a50264810900203) Importer(815301076,1909f56bfc062723c751e8b465ee728b) [PhysX] Initialized MultithreadedTaskDispatcher with 20 workers.
[PhysX] Initialized MultithreadedTaskDispatcher with 20 workers.
 -> (artifact id: 'c74dd8d12f46a152489fc5dc29de08ee') in 0.072234 seconds
Number of updated asset objects reloaded before import = 0
Number of asset objects unloaded after import = 3
